# JRE version: Java(TM) SE Runtime Environment (8.0_40-b26) (build 1.8.0_40-b26)
# Java VM: Java HotSpot(TM) 64-Bit Server VM (25.40-b25 mixed mode windows-amd64 compressed oops)
Heap:
 PSYoungGen      total 18432K, used 1031K [0x00000000eb600000, 0x00000000eca80000, 0x0000000100000000)
  eden space 15872K, 6% used [0x00000000eb600000,0x00000000eb701f40,0x00000000ec580000)
  from space 2560K, 0% used [0x00000000ec800000,0x00000000ec800000,0x00000000eca80000)
  to   space 2560K, 0% used [0x00000000ec580000,0x00000000ec580000,0x00000000ec800000)
 ParOldGen       total 29696K, used 2115K [0x00000000c2200000, 0x00000000c3f00000, 0x00000000eb600000)
  object space 29696K, 7% used [0x00000000c2200000,0x00000000c2410e50,0x00000000c3f00000)
 Metaspace       used 10099K, capacity 10314K, committed 10496K, reserved 1062912K
  class space    used 1314K, capacity 1413K, committed 1536K, reserved 1048576K
GC Heap History (8 events):
Event: 3.355 GC heap before
{Heap before GC invocations=1 (full 0):
 PSYoungGen      total 18432K, used 6352K [0x00000000eb600000, 0x00000000eca80000, 0x0000000100000000)
  eden space 15872K, 40% used [0x00000000eb600000,0x00000000ebc343c8,0x00000000ec580000)
  from space 2560K, 0% used [0x00000000ec800000,0x00000000ec800000,0x00000000eca80000)
  to   space 2560K, 0% used [0x00000000ec580000,0x00000000ec580000,0x00000000ec800000)
 ParOldGen       total 42496K, used 0K [0x00000000c2200000, 0x00000000c4b80000, 0x00000000eb600000)
  object space 42496K, 0% used [0x00000000c2200000,0x00000000c2200000,0x00000000c4b80000)
 Metaspace       used 9574K, capacity 9706K, committed 9856K, reserved 1062912K
  class space    used 1241K, capacity 1317K, committed 1408K, reserved 1048576K
Event: 3.384 GC heap after
Heap after GC invocations=1 (full 0):
 PSYoungGen      total 18432K, used 2542K [0x00000000eb600000, 0x00000000eca80000, 0x0000000100000000)
  eden space 15872K, 0% used [0x00000000eb600000,0x00000000eb600000,0x00000000ec580000)
  from space 2560K, 99% used [0x00000000ec580000,0x00000000ec7fb950,0x00000000ec800000)
  to   space 2560K, 0% used [0x00000000ec800000,0x00000000ec800000,0x00000000eca80000)
 ParOldGen       total 42496K, used 72K [0x00000000c2200000, 0x00000000c4b80000, 0x00000000eb600000)
  object space 42496K, 0% used [0x00000000c2200000,0x00000000c2212000,0x00000000c4b80000)
 Metaspace       used 9574K, capacity 9706K, committed 9856K, reserved 1062912K
  class space    used 1241K, capacity 1317K, committed 1408K, reserved 1048576K
}
Event: 3.384 GC heap before
{Heap before GC invocations=2 (full 1):
 PSYoungGen      total 18432K, used 2542K [0x00000000eb600000, 0x00000000eca80000, 0x0000000100000000)
  eden space 15872K, 0% used [0x00000000eb600000,0x00000000eb600000,0x00000000ec580000)
  from space 2560K, 99% used [0x00000000ec580000,0x00000000ec7fb950,0x00000000ec800000)
  to   space 2560K, 0% used [0x00000000ec800000,0x00000000ec800000,0x00000000eca80000)
 ParOldGen       total 42496K, used 72K [0x00000000c2200000, 0x00000000c4b80000, 0x00000000eb600000)
  object space 42496K, 0% used [0x00000000c2200000,0x00000000c2212000,0x00000000c4b80000)
 Metaspace       used 9574K, capacity 9706K, committed 9856K, reserved 1062912K
  class space    used 1241K, capacity 1317K, committed 1408K, reserved 1048576K
Event: 3.447 GC heap after
Heap after GC invocations=2 (full 1):
 PSYoungGen      total 18432K, used 0K [0x00000000eb600000, 0x00000000eca80000, 0x0000000100000000)
  eden space 15872K, 0% used [0x00000000eb600000,0x00000000eb600000,0x00000000ec580000)
  from space 2560K, 0% used [0x00000000ec580000,0x00000000ec580000,0x00000000ec800000)
  to   space 2560K, 0% used [0x00000000ec800000,0x00000000ec800000,0x00000000eca80000)
 ParOldGen       total 29696K, used 2024K [0x00000000c2200000, 0x00000000c3f00000, 0x00000000eb600000)
  object space 29696K, 6% used [0x00000000c2200000,0x00000000c23fa248,0x00000000c3f00000)
 Metaspace       used 9574K, capacity 9706K, committed 9856K, reserved 1060864K
  class space    used 1241K, capacity 1317K, committed 1408K, reserved 1048576K
}
Event: 8.203 GC heap before
{Heap before GC invocations=3 (full 1):
 PSYoungGen      total 18432K, used 4258K [0x00000000eb600000, 0x00000000eca80000, 0x0000000100000000)
  eden space 15872K, 26% used [0x00000000eb600000,0x00000000eba28820,0x00000000ec580000)
  from space 2560K, 0% used [0x00000000ec580000,0x00000000ec580000,0x00000000ec800000)
  to   space 2560K, 0% used [0x00000000ec800000,0x00000000ec800000,0x00000000eca80000)
 ParOldGen       total 29696K, used 2024K [0x00000000c2200000, 0x00000000c3f00000, 0x00000000eb600000)
  object space 29696K, 6% used [0x00000000c2200000,0x00000000c23fa248,0x00000000c3f00000)
 Metaspace       used 9877K, capacity 10026K, committed 10112K, reserved 1064960K
  class space    used 1292K, capacity 1381K, committed 1408K, reserved 1048576K
Event: 8.207 GC heap after
Heap after GC invocations=3 (full 1):
 PSYoungGen      total 18432K, used 160K [0x00000000eb600000, 0x00000000eca80000, 0x0000000100000000)
  eden space 15872K, 0% used [0x00000000eb600000,0x00000000eb600000,0x00000000ec580000)
  from space 2560K, 6% used [0x00000000ec800000,0x00000000ec828000,0x00000000eca80000)
  to   space 2560K, 0% used [0x00000000ec580000,0x00000000ec580000,0x00000000ec800000)
 ParOldGen       total 29696K, used 2032K [0x00000000c2200000, 0x00000000c3f00000, 0x00000000eb600000)
  object space 29696K, 6% used [0x00000000c2200000,0x00000000c23fc248,0x00000000c3f00000)
 Metaspace       used 9877K, capacity 10026K, committed 10112K, reserved 1064960K
  class space    used 1292K, capacity 1381K, committed 1408K, reserved 1048576K
}
Event: 8.207 GC heap before
{Heap before GC invocations=4 (full 2):
 PSYoungGen      total 18432K, used 160K [0x00000000eb600000, 0x00000000eca80000, 0x0000000100000000)
  eden space 15872K, 0% used [0x00000000eb600000,0x00000000eb600000,0x00000000ec580000)
  from space 2560K, 6% used [0x00000000ec800000,0x00000000ec828000,0x00000000eca80000)
  to   space 2560K, 0% used [0x00000000ec580000,0x00000000ec580000,0x00000000ec800000)
 ParOldGen       total 29696K, used 2032K [0x00000000c2200000, 0x00000000c3f00000, 0x00000000eb600000)
  object space 29696K, 6% used [0x00000000c2200000,0x00000000c23fc248,0x00000000c3f00000)
 Metaspace       used 9877K, capacity 10026K, committed 10112K, reserved 1064960K
  class space    used 1292K, capacity 1381K, committed 1408K, reserved 1048576K
Event: 8.281 GC heap after
Heap after GC invocations=4 (full 2):
 PSYoungGen      total 18432K, used 0K [0x00000000eb600000, 0x00000000eca80000, 0x0000000100000000)
  eden space 15872K, 0% used [0x00000000eb600000,0x00000000eb600000,0x00000000ec580000)
  from space 2560K, 0% used [0x00000000ec800000,0x00000000ec800000,0x00000000eca80000)
  to   space 2560K, 0% used [0x00000000ec580000,0x00000000ec580000,0x00000000ec800000)
 ParOldGen       total 29696K, used 2115K [0x00000000c2200000, 0x00000000c3f00000, 0x00000000eb600000)
  object space 29696K, 7% used [0x00000000c2200000,0x00000000c2410e50,0x00000000c3f00000)
 Metaspace       used 9877K, capacity 10026K, committed 10112K, reserved 1062912K
  class space    used 1292K, capacity 1381K, committed 1408K, reserved 1048576K
}

